<?xml version="1.0" encoding="UTF-8"?>
<!-- Generated by org.testng.reporters.JUnitXMLReporter -->
<testsuite hostname="DuongTruong-986043" ignored="0" name="Chrome Login" tests="1" failures="1" timestamp="09 May 2018 04:03:52 GMT" time="11.378" errors="0">
  <testcase name="login" time="5.614" classname="demo.testcases.Login">
    <failure type="java.lang.AssertionError" message="expected [false] but found [true]">
      <![CDATA[java.lang.AssertionError: expected [false] but found [true]
at demo.testcases.Login.login(Login.java:45)
... Removed 35 stack frames]]>
    </failure>
  </testcase> <!-- login -->
</testsuite> <!-- Chrome Login -->
