<?xml version="1.0" encoding="UTF-8"?>
<testsuite xmlns:xsi="http://www.w3.org/2001/XMLSchema-instance" xsi:noNamespaceSchemaLocation="https://maven.apache.org/surefire/maven-surefire-plugin/xsd/surefire-test-report.xsd" name="TestSuite" time="46.216" tests="3" errors="0" skipped="0" failures="2">
  <properties>
[...]
</properties>
  <testcase name="login" classname="demo.testcases.Login" time="13.164"/>
  <testcase name="login" classname="demo.testcases.LoginChrome" time="5.614">
    <failure message="expected [false] but found [true]" type="java.lang.AssertionError">java.lang.AssertionError: expected [false] but found [true]
</failure>
    <system-err><![CDATA[Starting ChromeDriver 2.38.552522 (437e6fbedfa8762dec75e2c5b3ddb86763dc9dcb) on port 45282
Only local connections are allowed.
May 08, 2018 11:03:43 PM org.openqa.selenium.remote.ProtocolHandshake createSession
INFO: Detected dialect: OSS
]]></system-err>
  </testcase>
  <testcase name="login" classname="demo.testcases.LoginIE" time="7.237">
    <failure message="expected [false] but found [true]" type="java.lang.AssertionError">java.lang.AssertionError: expected [false] but found [true]
</failure>
    <system-err><![CDATA[Started InternetExplorerDriver server (64-bit)
3.3.0.0
Listening on port 24108
Only local connections are allowed
May 08, 2018 11:03:54 PM org.openqa.selenium.remote.ProtocolHandshake createSession
INFO: Detected dialect: OSS
]]></system-err>
  </testcase>
</testsuite>